<!DOCTYPE html PUBLIC "-//W3C//DTD XHTML 1.1//EN" "https://www.w3.org/TR/xhtml11/DTD/xhtml11.dtd">
<html xmlns="https://www.w3.org/1999/xhtml">
<head>
<meta http-equiv="content-type" content="text/html; charset=UTF-8"/>
<title>TestNG Report</title>
<style type="text/css">table {margin-bottom:10px;border-collapse:collapse;empty-cells:show}th,td {border:1px solid #009;padding:.25em .5em}th {vertical-align:bottom}td {vertical-align:top}table a {font-weight:bold}.stripe td {background-color: #E6EBF9}.num {text-align:right}.passedodd td {background-color: #3F3}.passedeven td {background-color: #0A0}.skippedodd td {background-color: #DDD}.skippedeven td {background-color: #CCC}.failedodd td,.attn {background-color: #F33}.failedeven td,.stripe .attn {background-color: #D00}.stacktrace {white-space:pre;font-family:monospace}.totop {font-size:85%;text-align:center;border-bottom:2px solid #000}.invisible {display:none}</style>
</head>
<body>
<table>
<tr><th>Test</th><th># Passed</th><th># Skipped</th><th># Retried</th><th># Failed</th><th>Time (ms)</th><th>Included Groups</th><th>Excluded Groups</th></tr>
<tr><th colspan="8">Adhoc</th></tr>
<tr><td><a href="#t0">RegressionOfEdge</a></td><td class="num">4</td><td class="num">0</td><td class="num">0</td><td class="num attn">1</td><td class="num">52,831</td><td></td><td></td></tr>
<tr class="stripe"><td><a href="#t1">RegressionOfChrome</a></td><td class="num">4</td><td class="num">0</td><td class="num">0</td><td class="num attn">1</td><td class="num">55,185</td><td></td><td></td></tr>
<tr><td><a href="#t2">RegressionOfFirefox</a></td><td class="num">4</td><td class="num">0</td><td class="num">0</td><td class="num attn">1</td><td class="num">70,207</td><td></td><td></td></tr>
<tr><th>Total</th><th class="num">12</th><th class="num">0</th><th class="num">0</th><th class="num attn">3</th><th class="num">178,223</th><th colspan="2"></th></tr>
</table>
<table id='summary'><thead><tr><th>Class</th><th>Method</th><th>Start</th><th>Time (ms)</th></tr></thead><tbody><tr><th colspan="4">Adhoc</th></tr></tbody><tbody id="t0"><tr><th colspan="4">RegressionOfEdge &#8212; failed</th></tr><tr class="failedeven"><td rowspan="1">piit.AutomationTrainingProgram.Signout</td><td><a href="#m0">TextVerificationMethod</a></td><td rowspan="1">1652236284484</td><td rowspan="1">7045</td></tr><tr><th colspan="4">RegressionOfEdge &#8212; passed</th></tr><tr class="passedeven"><td rowspan="1">piit.AutomationTrainingProgram.Browsersd</td><td><a href="#m1">f</a></td><td rowspan="1">1652236249222</td><td rowspan="1">1247</td></tr><tr class="passedodd"><td rowspan="2">piit.AutomationTrainingProgram.Execution</td><td><a href="#m2">Test2</a></td><td rowspan="1">1652236239304</td><td rowspan="1">12</td></tr><tr class="passedodd"><td><a href="#m3">f</a></td><td rowspan="1">1652236251015</td><td rowspan="1">7</td></tr><tr class="passedeven"><td rowspan="1">piit.AutomationTrainingProgram.Signout</td><td><a href="#m4">f</a></td><td rowspan="1">1652236259548</td><td rowspan="1">24925</td></tr></tbody>
<tbody id="t1"><tr><th colspan="4">RegressionOfChrome &#8212; failed</th></tr><tr class="failedeven"><td rowspan="1">piit.AutomationTrainingProgram.Signout</td><td><a href="#m5">TextVerificationMethod</a></td><td rowspan="1">1652236286961</td><td rowspan="1">6879</td></tr><tr><th colspan="4">RegressionOfChrome &#8212; passed</th></tr><tr class="passedeven"><td rowspan="1">piit.AutomationTrainingProgram.Browsersd</td><td><a href="#m6">f</a></td><td rowspan="1">1652236247239</td><td rowspan="1">2201</td></tr><tr class="passedodd"><td rowspan="2">piit.AutomationTrainingProgram.Execution</td><td><a href="#m7">Test2</a></td><td rowspan="1">1652236239305</td><td rowspan="1">13</td></tr><tr class="passedodd"><td><a href="#m8">f</a></td><td rowspan="1">1652236254278</td><td rowspan="1">2</td></tr><tr class="passedeven"><td rowspan="1">piit.AutomationTrainingProgram.Signout</td><td><a href="#m9">f</a></td><td rowspan="1">1652236262274</td><td rowspan="1">24683</td></tr></tbody>
<tbody id="t2"><tr><th colspan="4">RegressionOfFirefox &#8212; failed</th></tr><tr class="failedeven"><td rowspan="1">piit.AutomationTrainingProgram.Signout</td><td><a href="#m10">TextVerificationMethod</a></td><td rowspan="1">1652236300602</td><td rowspan="1">7165</td></tr><tr><th colspan="4">RegressionOfFirefox &#8212; passed</th></tr><tr class="passedeven"><td rowspan="1">piit.AutomationTrainingProgram.Browsersd</td><td><a href="#m11">f</a></td><td rowspan="1">1652236256218</td><td rowspan="1">8814</td></tr><tr class="passedodd"><td rowspan="2">piit.AutomationTrainingProgram.Execution</td><td><a href="#m12">Test2</a></td><td rowspan="1">1652236239303</td><td rowspan="1">10</td></tr><tr class="passedodd"><td><a href="#m13">f</a></td><td rowspan="1">1652236267683</td><td rowspan="1">6</td></tr><tr class="passedeven"><td rowspan="1">piit.AutomationTrainingProgram.Signout</td><td><a href="#m14">f</a></td><td rowspan="1">1652236278943</td><td rowspan="1">21653</td></tr></tbody>
</table>
<h2>RegressionOfEdge</h2><h3 id="m0">piit.AutomationTrainingProgram.Signout#TextVerificationMethod</h3><table class="result"><tr><th>Exception</th></tr><tr><td><div class="stacktrace">java.lang.AssertionError: The following asserts failed:
	expected [Please enter your email or mobile number to search for your account.] but found [Please enter your email or mobile number  search for your account.]
	at piit.AutomationTrainingProgram.Signout.TextVerificationMethod(Signout.java:56)
	at java.base/java.util.ArrayList.forEach(ArrayList.java:1511)
	at java.base/java.util.concurrent.FutureTask.run(FutureTask.java:264)
	at java.base/java.util.concurrent.ThreadPoolExecutor.runWorker(ThreadPoolExecutor.java:1136)
	at java.base/java.util.concurrent.ThreadPoolExecutor$Worker.run(ThreadPoolExecutor.java:635)
	at java.base/java.lang.Thread.run(Thread.java:833)
... Removed 20 stack frames</div></td></tr></table><p class="totop"><a href="#summary">back to summary</a></p>
<h3 id="m1">piit.AutomationTrainingProgram.Browsersd#f</h3><table class="result"><tr><th class="invisible"/></tr></table><p class="totop"><a href="#summary">back to summary</a></p>
<h3 id="m2">piit.AutomationTrainingProgram.Execution#Test2</h3><table class="result"><tr><th class="invisible"/></tr></table><p class="totop"><a href="#summary">back to summary</a></p>
<h3 id="m3">piit.AutomationTrainingProgram.Execution#f</h3><table class="result"><tr><th class="invisible"/></tr></table><p class="totop"><a href="#summary">back to summary</a></p>
<h3 id="m4">piit.AutomationTrainingProgram.Signout#f</h3><table class="result"><tr><th class="invisible"/></tr></table><p class="totop"><a href="#summary">back to summary</a></p>
<h2>RegressionOfChrome</h2><h3 id="m5">piit.AutomationTrainingProgram.Signout#TextVerificationMethod</h3><table class="result"><tr><th>Exception</th></tr><tr><td><div class="stacktrace">java.lang.AssertionError: The following asserts failed:
	expected [Please enter your email or mobile number to search for your account.] but found [Please enter your email or mobile number  search for your account.]
	at piit.AutomationTrainingProgram.Signout.TextVerificationMethod(Signout.java:56)
	at java.base/java.util.ArrayList.forEach(ArrayList.java:1511)
	at java.base/java.util.concurrent.FutureTask.run(FutureTask.java:264)
	at java.base/java.util.concurrent.ThreadPoolExecutor.runWorker(ThreadPoolExecutor.java:1136)
	at java.base/java.util.concurrent.ThreadPoolExecutor$Worker.run(ThreadPoolExecutor.java:635)
	at java.base/java.lang.Thread.run(Thread.java:833)
... Removed 20 stack frames</div></td></tr></table><p class="totop"><a href="#summary">back to summary</a></p>
<h3 id="m6">piit.AutomationTrainingProgram.Browsersd#f</h3><table class="result"><tr><th class="invisible"/></tr></table><p class="totop"><a href="#summary">back to summary</a></p>
<h3 id="m7">piit.AutomationTrainingProgram.Execution#Test2</h3><table class="result"><tr><th class="invisible"/></tr></table><p class="totop"><a href="#summary">back to summary</a></p>
<h3 id="m8">piit.AutomationTrainingProgram.Execution#f</h3><table class="result"><tr><th class="invisible"/></tr></table><p class="totop"><a href="#summary">back to summary</a></p>
<h3 id="m9">piit.AutomationTrainingProgram.Signout#f</h3><table class="result"><tr><th class="invisible"/></tr></table><p class="totop"><a href="#summary">back to summary</a></p>
<h2>RegressionOfFirefox</h2><h3 id="m10">piit.AutomationTrainingProgram.Signout#TextVerificationMethod</h3><table class="result"><tr><th>Exception</th></tr><tr><td><div class="stacktrace">java.lang.AssertionError: The following asserts failed:
	expected [Please enter your email or mobile number to search for your account.] but found [Please enter your email or mobile number  search for your account.]
	at piit.AutomationTrainingProgram.Signout.TextVerificationMethod(Signout.java:56)
	at java.base/java.util.ArrayList.forEach(ArrayList.java:1511)
	at java.base/java.util.concurrent.FutureTask.run(FutureTask.java:264)
	at java.base/java.util.concurrent.ThreadPoolExecutor.runWorker(ThreadPoolExecutor.java:1136)
	at java.base/java.util.concurrent.ThreadPoolExecutor$Worker.run(ThreadPoolExecutor.java:635)
	at java.base/java.lang.Thread.run(Thread.java:833)
... Removed 20 stack frames</div></td></tr></table><p class="totop"><a href="#summary">back to summary</a></p>
<h3 id="m11">piit.AutomationTrainingProgram.Browsersd#f</h3><table class="result"><tr><th class="invisible"/></tr></table><p class="totop"><a href="#summary">back to summary</a></p>
<h3 id="m12">piit.AutomationTrainingProgram.Execution#Test2</h3><table class="result"><tr><th class="invisible"/></tr></table><p class="totop"><a href="#summary">back to summary</a></p>
<h3 id="m13">piit.AutomationTrainingProgram.Execution#f</h3><table class="result"><tr><th class="invisible"/></tr></table><p class="totop"><a href="#summary">back to summary</a></p>
<h3 id="m14">piit.AutomationTrainingProgram.Signout#f</h3><table class="result"><tr><th class="invisible"/></tr></table><p class="totop"><a href="#summary">back to summary</a></p>
</body>
</html>
